<?xml version="1.0" encoding="UTF-8" ?>
<testsuite tests="4" failures="0" name="pers.dreamer07.testcode.BeanTest" time="1.08" errors="0" skipped="0">
  <properties>
    <property name="java.runtime.name" value="Java(TM) SE Runtime Environment"/>
    <property name="sun.boot.library.path" value="D:\downloads\jdk1.8.0_91\jre\bin"/>
    <property name="java.vm.version" value="25.91-b15"/>
    <property name="java.vm.vendor" value="Oracle Corporation"/>
    <property name="maven.multiModuleProjectDirectory" value="D:\StudyCode\Spring5\Parent"/>
    <property name="java.vendor.url" value="http://java.oracle.com/"/>
    <property name="path.separator" value=";"/>
    <property name="guice.disable.misplaced.annotation.check" value="true"/>
    <property name="java.vm.name" value="Java HotSpot(TM) 64-Bit Server VM"/>
    <property name="file.encoding.pkg" value="sun.io"/>
    <property name="user.script" value=""/>
    <property name="user.country" value="CN"/>
    <property name="sun.java.launcher" value="SUN_STANDARD"/>
    <property name="sun.os.patch.level" value=""/>
    <property name="java.vm.specification.name" value="Java Virtual Machine Specification"/>
    <property name="user.dir" value="D:\StudyCode\Spring5\Parent"/>
    <property name="java.runtime.version" value="1.8.0_91-b15"/>
    <property name="java.awt.graphicsenv" value="sun.awt.Win32GraphicsEnvironment"/>
    <property name="java.endorsed.dirs" value="D:\downloads\jdk1.8.0_91\jre\lib\endorsed"/>
    <property name="os.arch" value="amd64"/>
    <property name="java.io.tmpdir" value="C:\Users\admin\AppData\Local\Temp\"/>
    <property name="line.separator" value="
"/>
    <property name="java.vm.specification.vendor" value="Oracle Corporation"/>
    <property name="user.variant" value=""/>
    <property name="os.name" value="Windows 10"/>
    <property name="maven.ext.class.path" value="F:\ITinstall\IDEA\IntelliJ IDEA 2019.3.4\plugins\maven\lib\maven-event-listener.jar"/>
    <property name="classworlds.conf" value="F:\ITinstall\Maven\apache-maven-3.6.3\bin\m2.conf"/>
    <property name="sun.jnu.encoding" value="GBK"/>
    <property name="java.library.path" value="D:\downloads\jdk1.8.0_91\bin;C:\WINDOWS\Sun\Java\bin;C:\WINDOWS\system32;C:\WINDOWS;C:\Program Files\MySQL\MySQL Server 8.0\bin;F:\ITinstall\XFTP\;F:\fictitious\XShell6\;C:\WINDOWS\system32;C:\WINDOWS;C:\WINDOWS\System32\Wbem;C:\WINDOWS\System32\WindowsPowerShell\v1.0\;C:\Program Files\Intel\WiFi\bin\;C:\Program Files\Common Files\Intel\WirelessCommon\;C:\WINDOWS\System32\OpenSSH\;D:\downloads\jdk1.8.0_91\bin;D:\MySQL\bin;D:\apache-tomcat-9\apache-tomcat-9.0.31\bin;D:\Python;D:\x86_64-8\mingw64\bin;F:\ITinstall\cmake\bin;D:\Python\Scripts\;D:\Python\;C:\Users\admin\AppData\Local\Microsoft\WindowsApps;d:\Program Files\Microsoft VS Code\bin;C:\Users\admin\AppData\Local\Programs\Microsoft VS Code\bin;F:\ITinstall\Maven\apache-maven-3.6.3\bin;;."/>
    <property name="maven.conf" value="F:\ITinstall\Maven\apache-maven-3.6.3/conf"/>
    <property name="java.specification.name" value="Java Platform API Specification"/>
    <property name="java.class.version" value="52.0"/>
    <property name="sun.management.compiler" value="HotSpot 64-Bit Tiered Compilers"/>
    <property name="maven.repo.local" value="F:\ITinstall\Maven\RepMaven"/>
    <property name="idea.version2019.3.4" value="true"/>
    <property name="os.version" value="10.0"/>
    <property name="user.home" value="C:\Users\admin"/>
    <property name="user.timezone" value="Asia/Shanghai"/>
    <property name="java.awt.printerjob" value="sun.awt.windows.WPrinterJob"/>
    <property name="java.specification.version" value="1.8"/>
    <property name="file.encoding" value="UTF-8"/>
    <property name="user.name" value="admin"/>
    <property name="java.class.path" value="F:\ITinstall\Maven\apache-maven-3.6.3\boot\plexus-classworlds-2.6.0.jar;F:\ITinstall\Maven\apache-maven-3.6.3\boot\plexus-classworlds.license;F:\ITinstall\IDEA\IntelliJ IDEA 2019.3.4\lib\idea_rt.jar"/>
    <property name="java.vm.specification.version" value="1.8"/>
    <property name="sun.arch.data.model" value="64"/>
    <property name="java.home" value="D:\downloads\jdk1.8.0_91\jre"/>
    <property name="sun.java.command" value="org.codehaus.classworlds.Launcher -Didea.version2019.3.4 -s F:\ITinstall\Maven\apache-maven-3.6.3\conf\settings.xml -Dmaven.repo.local=F:\ITinstall\Maven\RepMaven install"/>
    <property name="java.specification.vendor" value="Oracle Corporation"/>
    <property name="user.language" value="zh"/>
    <property name="awt.toolkit" value="sun.awt.windows.WToolkit"/>
    <property name="java.vm.info" value="mixed mode"/>
    <property name="java.version" value="1.8.0_91"/>
    <property name="java.ext.dirs" value="D:\downloads\jdk1.8.0_91\jre\lib\ext;C:\WINDOWS\Sun\Java\lib\ext"/>
    <property name="sun.boot.class.path" value="D:\downloads\jdk1.8.0_91\jre\lib\resources.jar;D:\downloads\jdk1.8.0_91\jre\lib\rt.jar;D:\downloads\jdk1.8.0_91\jre\lib\sunrsasign.jar;D:\downloads\jdk1.8.0_91\jre\lib\jsse.jar;D:\downloads\jdk1.8.0_91\jre\lib\jce.jar;D:\downloads\jdk1.8.0_91\jre\lib\charsets.jar;D:\downloads\jdk1.8.0_91\jre\lib\jfr.jar;D:\downloads\jdk1.8.0_91\jre\classes"/>
    <property name="java.vendor" value="Oracle Corporation"/>
    <property name="maven.home" value="F:\ITinstall\Maven\apache-maven-3.6.3"/>
    <property name="file.separator" value="\"/>
    <property name="java.vendor.url.bug" value="http://bugreport.sun.com/bugreport/"/>
    <property name="sun.cpu.endian" value="little"/>
    <property name="sun.io.unicode.encoding" value="UnicodeLittle"/>
    <property name="sun.desktop" value="windows"/>
    <property name="sun.cpu.isalist" value="amd64"/>
  </properties>
  <testcase classname="pers.dreamer07.testcode.BeanTest" name="test" time="0.846"/>
  <testcase classname="pers.dreamer07.testcode.BeanTest" name="test2" time="0.067"/>
  <testcase classname="pers.dreamer07.testcode.BeanTest" name="test3" time="0.093"/>
  <testcase classname="pers.dreamer07.testcode.BeanTest" name="test4" time="0.074"/>
</testsuite>